<?xml version="1.0" encoding="UTF-8"?>
<!-- Generated by org.testng.reporters.JUnitReportReporter -->
<testsuite hostname="DESKTOP-2MSRQI6" failures="0" tests="1" name="websitePanel.KlingsStaging" time="23.748" errors="0" timestamp="2023-10-09T17:25:49 IST" skipped="0">
  <testcase classname="websitePanel.KlingsStaging" name="testKlingsStaging" time="23.748"/>
</testsuite> <!-- websitePanel.KlingsStaging -->
